<?xml version="1.0" encoding="UTF-8"?>
<testsuite xmlns:xsi="http://www.w3.org/2001/XMLSchema-instance" xsi:noNamespaceSchemaLocation="https://maven.apache.org/surefire/maven-surefire-plugin/xsd/surefire-test-report.xsd" version="3.0.2" name="com.thegymgoers_java.app.service.UserServiceTests$deleteWorkout" time="1.046" tests="5" errors="0" skipped="0" failures="0">
  <properties>
[...]
</properties>
  <testcase name="testDeleteWorkout_WorkoutNotFound" classname="com.thegymgoers_java.app.service.UserServiceTests$deleteWorkout" time="0.011">
    <system-out><![CDATA[2025-01-30T12:16:21.465Z  INFO 26988 --- [app] [           main] t.c.s.AnnotationConfigContextLoaderUtils : Could not detect default configuration classes for test class [com.thegymgoers_java.app.service.UserServiceTests]: UserServiceTests does not declare any static, non-private, non-final, nested classes annotated with @Configuration.
2025-01-30T12:16:21.502Z  INFO 26988 --- [app] [           main] .b.t.c.SpringBootTestContextBootstrapper : Found @SpringBootConfiguration com.thegymgoers_java.app.AppApplication for test class com.thegymgoers_java.app.service.UserServiceTests
2025-01-30T12:16:21.510Z  INFO 26988 --- [app] [           main] t.c.s.AnnotationConfigContextLoaderUtils : Could not detect default configuration classes for test class [com.thegymgoers_java.app.service.UserServiceTests$deleteWorkout]: deleteWorkout does not declare any static, non-private, non-final, nested classes annotated with @Configuration.
2025-01-30T12:16:21.516Z  INFO 26988 --- [app] [           main] .b.t.c.SpringBootTestContextBootstrapper : Found @SpringBootConfiguration com.thegymgoers_java.app.AppApplication for test class com.thegymgoers_java.app.service.UserServiceTests$deleteWorkout

  .   ____          _            __ _ _
 /\\ / ___'_ __ _ _(_)_ __  __ _ \ \ \ \
( ( )\___ | '_ | '_| | '_ \/ _` | \ \ \ \
 \\/  ___)| |_)| | | | | || (_| |  ) ) ) )
  '  |____| .__|_| |_|_| |_\__, | / / / /
 =========|_|==============|___/=/_/_/_/

 :: Spring Boot ::                (v3.4.0)

2025-01-30T12:16:21.562Z  INFO 26988 --- [app] [           main] c.t.app.service.UserServiceTests         : Starting UserServiceTests using Java 17.0.13 with PID 26988 (started by 44747 in C:\Users\44747\SE_Training\GymGoers-Spring\Backend)
2025-01-30T12:16:21.562Z  INFO 26988 --- [app] [           main] c.t.app.service.UserServiceTests         : No active profile set, falling back to 1 default profile: "default"
2025-01-30T12:16:21.813Z  INFO 26988 --- [app] [           main] .s.d.r.c.RepositoryConfigurationDelegate : Bootstrapping Spring Data MongoDB repositories in DEFAULT mode.
2025-01-30T12:16:21.843Z  INFO 26988 --- [app] [           main] .s.d.r.c.RepositoryConfigurationDelegate : Finished Spring Data repository scanning in 28 ms. Found 2 MongoDB repository interfaces.
2025-01-30T12:16:21.934Z  INFO 26988 --- [app] [           main] org.mongodb.driver.client                : MongoClient with metadata {"driver": {"name": "mongo-java-driver|sync|spring-boot", "version": "5.3.0"}, "os": {"type": "Windows", "name": "Windows 10", "architecture": "amd64", "version": "10.0"}, "platform": "Java/Oracle Corporation/17.0.13+10-LTS-268"} created with settings MongoClientSettings{readPreference=primary, writeConcern=WriteConcern{w=majority, wTimeout=null ms, journal=null}, retryWrites=true, retryReads=true, readConcern=ReadConcern{level=null}, credential=MongoCredential{mechanism=null, userName='gg-developer', source='admin', password=<hidden>, mechanismProperties=<hidden>}, transportSettings=null, commandListeners=[], codecRegistry=ProvidersCodecRegistry{codecProviders=[ValueCodecProvider{}, BsonValueCodecProvider{}, DBRefCodecProvider{}, DBObjectCodecProvider{}, DocumentCodecProvider{}, CollectionCodecProvider{}, IterableCodecProvider{}, MapCodecProvider{}, GeoJsonCodecProvider{}, GridFSFileCodecProvider{}, Jsr310CodecProvider{}, JsonObjectCodecProvider{}, BsonCodecProvider{}, EnumCodecProvider{}, com.mongodb.client.model.mql.ExpressionCodecProvider@256a0d95, com.mongodb.Jep395RecordCodecProvider@2f3928ac, com.mongodb.KotlinCodecProvider@4bf03fee]}, loggerSettings=LoggerSettings{maxDocumentLength=1000}, clusterSettings={hosts=[127.0.0.1:27017], srvHost=gymgoers.9eiuj0z.mongodb.net, srvServiceName=mongodb, mode=MULTIPLE, requiredClusterType=REPLICA_SET, requiredReplicaSetName='atlas-zxcclj-shard-0', serverSelector='null', clusterListeners='[]', serverSelectionTimeout='30000 ms', localThreshold='15 ms'}, socketSettings=SocketSettings{connectTimeoutMS=10000, readTimeoutMS=0, receiveBufferSize=0, proxySettings=ProxySettings{host=null, port=null, username=null, password=null}}, heartbeatSocketSettings=SocketSettings{connectTimeoutMS=10000, readTimeoutMS=10000, receiveBufferSize=0, proxySettings=ProxySettings{host=null, port=null, username=null, password=null}}, connectionPoolSettings=ConnectionPoolSettings{maxSize=100, minSize=0, maxWaitTimeMS=120000, maxConnectionLifeTimeMS=0, maxConnectionIdleTimeMS=0, maintenanceInitialDelayMS=0, maintenanceFrequencyMS=60000, connectionPoolListeners=[], maxConnecting=2}, serverSettings=ServerSettings{heartbeatFrequencyMS=10000, minHeartbeatFrequencyMS=500, serverMonitoringMode=AUTO, serverListeners='[]', serverMonitorListeners='[]'}, sslSettings=SslSettings{enabled=true, invalidHostNameAllowed=false, context=null}, applicationName='null', compressorList=[], uuidRepresentation=JAVA_LEGACY, serverApi=null, autoEncryptionSettings=null, dnsClient=null, inetAddressResolver=null, contextProvider=null, timeoutMS=null}
2025-01-30T12:16:21.951Z  INFO 26988 --- [app] [j0z.mongodb.net] org.mongodb.driver.cluster               : Adding discovered server ac-u8ba5db-shard-00-02.9eiuj0z.mongodb.net:27017 to client view of cluster
2025-01-30T12:16:21.959Z  INFO 26988 --- [app] [j0z.mongodb.net] org.mongodb.driver.cluster               : Adding discovered server ac-u8ba5db-shard-00-00.9eiuj0z.mongodb.net:27017 to client view of cluster
2025-01-30T12:16:21.960Z  INFO 26988 --- [app] [j0z.mongodb.net] org.mongodb.driver.cluster               : Adding discovered server ac-u8ba5db-shard-00-01.9eiuj0z.mongodb.net:27017 to client view of cluster
2025-01-30T12:16:22.042Z  INFO 26988 --- [app] [ngodb.net:27017] org.mongodb.driver.cluster               : Monitor thread successfully connected to server with description ServerDescription{address=ac-u8ba5db-shard-00-00.9eiuj0z.mongodb.net:27017, type=REPLICA_SET_SECONDARY, cryptd=false, state=CONNECTED, ok=true, minWireVersion=0, maxWireVersion=25, maxDocumentSize=16777216, logicalSessionTimeoutMinutes=30, roundTripTimeNanos=43857800, minRoundTripTimeNanos=0, setName='atlas-zxcclj-shard-0', canonicalAddress=ac-u8ba5db-shard-00-00.9eiuj0z.mongodb.net:27017, hosts=[ac-u8ba5db-shard-00-01.9eiuj0z.mongodb.net:27017, ac-u8ba5db-shard-00-02.9eiuj0z.mongodb.net:27017, ac-u8ba5db-shard-00-00.9eiuj0z.mongodb.net:27017], passives=[], arbiters=[], primary='ac-u8ba5db-shard-00-02.9eiuj0z.mongodb.net:27017', tagSet=TagSet{[Tag{name='availabilityZone', value='euw1-az1'}, Tag{name='diskState', value='READY'}, Tag{name='nodeType', value='ELECTABLE'}, Tag{name='provider', value='AWS'}, Tag{name='region', value='EU_WEST_1'}, Tag{name='workloadType', value='OPERATIONAL'}]}, electionId=null, setVersion=54, topologyVersion=TopologyVersion{processId=679662677c2699d0496a01d3, counter=4}, lastWriteDate=Thu Jan 30 12:16:20 GMT 2025, lastUpdateTimeNanos=179179011557900}
2025-01-30T12:16:22.058Z  INFO 26988 --- [app] [ngodb.net:27017] org.mongodb.driver.cluster               : Monitor thread successfully connected to server with description ServerDescription{address=ac-u8ba5db-shard-00-01.9eiuj0z.mongodb.net:27017, type=REPLICA_SET_SECONDARY, cryptd=false, state=CONNECTED, ok=true, minWireVersion=0, maxWireVersion=25, maxDocumentSize=16777216, logicalSessionTimeoutMinutes=30, roundTripTimeNanos=48323700, minRoundTripTimeNanos=0, setName='atlas-zxcclj-shard-0', canonicalAddress=ac-u8ba5db-shard-00-01.9eiuj0z.mongodb.net:27017, hosts=[ac-u8ba5db-shard-00-01.9eiuj0z.mongodb.net:27017, ac-u8ba5db-shard-00-02.9eiuj0z.mongodb.net:27017, ac-u8ba5db-shard-00-00.9eiuj0z.mongodb.net:27017], passives=[], arbiters=[], primary='ac-u8ba5db-shard-00-02.9eiuj0z.mongodb.net:27017', tagSet=TagSet{[Tag{name='availabilityZone', value='euw1-az2'}, Tag{name='diskState', value='READY'}, Tag{name='nodeType', value='ELECTABLE'}, Tag{name='provider', value='AWS'}, Tag{name='region', value='EU_WEST_1'}, Tag{name='workloadType', value='OPERATIONAL'}]}, electionId=null, setVersion=54, topologyVersion=TopologyVersion{processId=6796671efb18fd2f2dc7c46e, counter=3}, lastWriteDate=Thu Jan 30 12:16:20 GMT 2025, lastUpdateTimeNanos=179179027556500}
2025-01-30T12:16:22.062Z  INFO 26988 --- [app] [ngodb.net:27017] org.mongodb.driver.cluster               : Monitor thread successfully connected to server with description ServerDescription{address=ac-u8ba5db-shard-00-02.9eiuj0z.mongodb.net:27017, type=REPLICA_SET_PRIMARY, cryptd=false, state=CONNECTED, ok=true, minWireVersion=0, maxWireVersion=25, maxDocumentSize=16777216, logicalSessionTimeoutMinutes=30, roundTripTimeNanos=44121200, minRoundTripTimeNanos=0, setName='atlas-zxcclj-shard-0', canonicalAddress=ac-u8ba5db-shard-00-02.9eiuj0z.mongodb.net:27017, hosts=[ac-u8ba5db-shard-00-01.9eiuj0z.mongodb.net:27017, ac-u8ba5db-shard-00-02.9eiuj0z.mongodb.net:27017, ac-u8ba5db-shard-00-00.9eiuj0z.mongodb.net:27017], passives=[], arbiters=[], primary='ac-u8ba5db-shard-00-02.9eiuj0z.mongodb.net:27017', tagSet=TagSet{[Tag{name='availabilityZone', value='euw1-az3'}, Tag{name='diskState', value='READY'}, Tag{name='nodeType', value='ELECTABLE'}, Tag{name='provider', value='AWS'}, Tag{name='region', value='EU_WEST_1'}, Tag{name='workloadType', value='OPERATIONAL'}]}, electionId=7fffffff0000000000000125, setVersion=54, topologyVersion=TopologyVersion{processId=6796653a42bd26e61b798f8a, counter=6}, lastWriteDate=Thu Jan 30 12:16:20 GMT 2025, lastUpdateTimeNanos=179179031877500}
2025-01-30T12:16:22.063Z  INFO 26988 --- [app] [ngodb.net:27017] org.mongodb.driver.cluster               : Discovered replica set primary ac-u8ba5db-shard-00-02.9eiuj0z.mongodb.net:27017 with max election id 7fffffff0000000000000125 and max set version 54
2025-01-30T12:16:22.069Z  INFO 26988 --- [app] [           main] eAuthenticationProviderManagerConfigurer : Global AuthenticationManager configured with AuthenticationProvider bean with name authenticationProvider
2025-01-30T12:16:22.182Z  INFO 26988 --- [app] [           main] .i.s.PathMatchingResourcePatternResolver : Skipping search for files matching pattern [**/*.class]: directory [C:\Users\44747\SE_Training\GymGoers-Spring\Backend\target\test-classes\com\thegymgoers_java\app\model] does not exist
2025-01-30T12:16:22.479Z  INFO 26988 --- [app] [           main] o.s.b.t.m.w.SpringBootMockServletContext : Initializing Spring TestDispatcherServlet ''
2025-01-30T12:16:22.479Z  INFO 26988 --- [app] [           main] o.s.t.web.servlet.TestDispatcherServlet  : Initializing Servlet ''
2025-01-30T12:16:22.483Z  INFO 26988 --- [app] [           main] o.s.t.web.servlet.TestDispatcherServlet  : Completed initialization in 2 ms
2025-01-30T12:16:22.492Z  INFO 26988 --- [app] [           main] c.t.app.service.UserServiceTests         : Started UserServiceTests in 0.966 seconds (process running for 11.087)
]]></system-out>
  </testcase>
  <testcase name="testDeleteWorkout_NullUsername" classname="com.thegymgoers_java.app.service.UserServiceTests$deleteWorkout" time="0.008"/>
  <testcase name="testDeleteWorkout_EmptyUsername" classname="com.thegymgoers_java.app.service.UserServiceTests$deleteWorkout" time="0.008"/>
  <testcase name="testDeleteWorkout_Success" classname="com.thegymgoers_java.app.service.UserServiceTests$deleteWorkout" time="0.008">
    <system-out><![CDATA[workout removed
]]></system-out>
  </testcase>
  <testcase name="testDeleteWorkout_UserNotFound" classname="com.thegymgoers_java.app.service.UserServiceTests$deleteWorkout" time="0.008"/>
</testsuite>