<?xml version="1.0" encoding="UTF-8"?>
<testsuite xmlns:xsi="http://www.w3.org/2001/XMLSchema-instance" xsi:noNamespaceSchemaLocation="https://maven.apache.org/surefire/maven-surefire-plugin/xsd/surefire-test-report.xsd" version="3.0.2" name="com.thegymgoers_java.app.controller.AuthControllerTests$LoginTests" time="2.222" tests="4" errors="0" skipped="0" failures="0">
  <properties>
[...]
</properties>
  <testcase name="shouldReturn401IfUsernameDoesNotMatch" classname="com.thegymgoers_java.app.controller.AuthControllerTests$LoginTests" time="0.244">
    <system-out><![CDATA[2025-01-30T12:16:16.524Z  INFO 26988 --- [app] [           main] t.c.s.AnnotationConfigContextLoaderUtils : Could not detect default configuration classes for test class [com.thegymgoers_java.app.controller.AuthControllerTests]: AuthControllerTests does not declare any static, non-private, non-final, nested classes annotated with @Configuration.
2025-01-30T12:16:16.579Z  INFO 26988 --- [app] [           main] .b.t.c.SpringBootTestContextBootstrapper : Found @SpringBootConfiguration com.thegymgoers_java.app.AppApplication for test class com.thegymgoers_java.app.controller.AuthControllerTests
2025-01-30T12:16:16.586Z  INFO 26988 --- [app] [           main] t.c.s.AnnotationConfigContextLoaderUtils : Could not detect default configuration classes for test class [com.thegymgoers_java.app.controller.AuthControllerTests$LoginTests]: LoginTests does not declare any static, non-private, non-final, nested classes annotated with @Configuration.
2025-01-30T12:16:16.589Z  INFO 26988 --- [app] [           main] .b.t.c.SpringBootTestContextBootstrapper : Found @SpringBootConfiguration com.thegymgoers_java.app.AppApplication for test class com.thegymgoers_java.app.controller.AuthControllerTests$LoginTests

  .   ____          _            __ _ _
 /\\ / ___'_ __ _ _(_)_ __  __ _ \ \ \ \
( ( )\___ | '_ | '_| | '_ \/ _` | \ \ \ \
 \\/  ___)| |_)| | | | | || (_| |  ) ) ) )
  '  |____| .__|_| |_|_| |_\__, | / / / /
 =========|_|==============|___/=/_/_/_/

 :: Spring Boot ::                (v3.4.0)

2025-01-30T12:16:16.614Z  INFO 26988 --- [app] [           main] c.t.app.controller.AuthControllerTests   : Starting AuthControllerTests using Java 17.0.13 with PID 26988 (started by 44747 in C:\Users\44747\SE_Training\GymGoers-Spring\Backend)
2025-01-30T12:16:16.615Z  INFO 26988 --- [app] [           main] c.t.app.controller.AuthControllerTests   : No active profile set, falling back to 1 default profile: "default"
2025-01-30T12:16:16.789Z  INFO 26988 --- [app] [           main] .s.d.r.c.RepositoryConfigurationDelegate : Bootstrapping Spring Data MongoDB repositories in DEFAULT mode.
2025-01-30T12:16:16.807Z  INFO 26988 --- [app] [           main] .s.d.r.c.RepositoryConfigurationDelegate : Finished Spring Data repository scanning in 15 ms. Found 2 MongoDB repository interfaces.
2025-01-30T12:16:18.071Z  INFO 26988 --- [app] [           main] org.mongodb.driver.client                : MongoClient with metadata {"driver": {"name": "mongo-java-driver|sync|spring-boot", "version": "5.3.0"}, "os": {"type": "Windows", "name": "Windows 10", "architecture": "amd64", "version": "10.0"}, "platform": "Java/Oracle Corporation/17.0.13+10-LTS-268"} created with settings MongoClientSettings{readPreference=primary, writeConcern=WriteConcern{w=majority, wTimeout=null ms, journal=null}, retryWrites=true, retryReads=true, readConcern=ReadConcern{level=null}, credential=MongoCredential{mechanism=null, userName='gg-developer', source='admin', password=<hidden>, mechanismProperties=<hidden>}, transportSettings=null, commandListeners=[], codecRegistry=ProvidersCodecRegistry{codecProviders=[ValueCodecProvider{}, BsonValueCodecProvider{}, DBRefCodecProvider{}, DBObjectCodecProvider{}, DocumentCodecProvider{}, CollectionCodecProvider{}, IterableCodecProvider{}, MapCodecProvider{}, GeoJsonCodecProvider{}, GridFSFileCodecProvider{}, Jsr310CodecProvider{}, JsonObjectCodecProvider{}, BsonCodecProvider{}, EnumCodecProvider{}, com.mongodb.client.model.mql.ExpressionCodecProvider@256a0d95, com.mongodb.Jep395RecordCodecProvider@2f3928ac, com.mongodb.KotlinCodecProvider@4bf03fee]}, loggerSettings=LoggerSettings{maxDocumentLength=1000}, clusterSettings={hosts=[127.0.0.1:27017], srvHost=gymgoers.9eiuj0z.mongodb.net, srvServiceName=mongodb, mode=MULTIPLE, requiredClusterType=REPLICA_SET, requiredReplicaSetName='atlas-zxcclj-shard-0', serverSelector='null', clusterListeners='[]', serverSelectionTimeout='30000 ms', localThreshold='15 ms'}, socketSettings=SocketSettings{connectTimeoutMS=10000, readTimeoutMS=0, receiveBufferSize=0, proxySettings=ProxySettings{host=null, port=null, username=null, password=null}}, heartbeatSocketSettings=SocketSettings{connectTimeoutMS=10000, readTimeoutMS=10000, receiveBufferSize=0, proxySettings=ProxySettings{host=null, port=null, username=null, password=null}}, connectionPoolSettings=ConnectionPoolSettings{maxSize=100, minSize=0, maxWaitTimeMS=120000, maxConnectionLifeTimeMS=0, maxConnectionIdleTimeMS=0, maintenanceInitialDelayMS=0, maintenanceFrequencyMS=60000, connectionPoolListeners=[], maxConnecting=2}, serverSettings=ServerSettings{heartbeatFrequencyMS=10000, minHeartbeatFrequencyMS=500, serverMonitoringMode=AUTO, serverListeners='[]', serverMonitorListeners='[]'}, sslSettings=SslSettings{enabled=true, invalidHostNameAllowed=false, context=null}, applicationName='null', compressorList=[], uuidRepresentation=JAVA_LEGACY, serverApi=null, autoEncryptionSettings=null, dnsClient=null, inetAddressResolver=null, contextProvider=null, timeoutMS=null}
2025-01-30T12:16:18.082Z  INFO 26988 --- [app] [j0z.mongodb.net] org.mongodb.driver.cluster               : Adding discovered server ac-u8ba5db-shard-00-02.9eiuj0z.mongodb.net:27017 to client view of cluster
2025-01-30T12:16:18.084Z  INFO 26988 --- [app] [j0z.mongodb.net] org.mongodb.driver.cluster               : Adding discovered server ac-u8ba5db-shard-00-00.9eiuj0z.mongodb.net:27017 to client view of cluster
2025-01-30T12:16:18.086Z  INFO 26988 --- [app] [j0z.mongodb.net] org.mongodb.driver.cluster               : Adding discovered server ac-u8ba5db-shard-00-01.9eiuj0z.mongodb.net:27017 to client view of cluster
2025-01-30T12:16:18.148Z  INFO 26988 --- [app] [ngodb.net:27017] org.mongodb.driver.cluster               : Monitor thread successfully connected to server with description ServerDescription{address=ac-u8ba5db-shard-00-00.9eiuj0z.mongodb.net:27017, type=REPLICA_SET_SECONDARY, cryptd=false, state=CONNECTED, ok=true, minWireVersion=0, maxWireVersion=25, maxDocumentSize=16777216, logicalSessionTimeoutMinutes=30, roundTripTimeNanos=42353800, minRoundTripTimeNanos=0, setName='atlas-zxcclj-shard-0', canonicalAddress=ac-u8ba5db-shard-00-00.9eiuj0z.mongodb.net:27017, hosts=[ac-u8ba5db-shard-00-01.9eiuj0z.mongodb.net:27017, ac-u8ba5db-shard-00-02.9eiuj0z.mongodb.net:27017, ac-u8ba5db-shard-00-00.9eiuj0z.mongodb.net:27017], passives=[], arbiters=[], primary='ac-u8ba5db-shard-00-02.9eiuj0z.mongodb.net:27017', tagSet=TagSet{[Tag{name='availabilityZone', value='euw1-az1'}, Tag{name='diskState', value='READY'}, Tag{name='nodeType', value='ELECTABLE'}, Tag{name='provider', value='AWS'}, Tag{name='region', value='EU_WEST_1'}, Tag{name='workloadType', value='OPERATIONAL'}]}, electionId=null, setVersion=54, topologyVersion=TopologyVersion{processId=679662677c2699d0496a01d3, counter=4}, lastWriteDate=Thu Jan 30 12:16:17 GMT 2025, lastUpdateTimeNanos=179175117575600}
2025-01-30T12:16:18.148Z  INFO 26988 --- [app] [ngodb.net:27017] org.mongodb.driver.cluster               : Monitor thread successfully connected to server with description ServerDescription{address=ac-u8ba5db-shard-00-02.9eiuj0z.mongodb.net:27017, type=REPLICA_SET_PRIMARY, cryptd=false, state=CONNECTED, ok=true, minWireVersion=0, maxWireVersion=25, maxDocumentSize=16777216, logicalSessionTimeoutMinutes=30, roundTripTimeNanos=43906900, minRoundTripTimeNanos=0, setName='atlas-zxcclj-shard-0', canonicalAddress=ac-u8ba5db-shard-00-02.9eiuj0z.mongodb.net:27017, hosts=[ac-u8ba5db-shard-00-01.9eiuj0z.mongodb.net:27017, ac-u8ba5db-shard-00-02.9eiuj0z.mongodb.net:27017, ac-u8ba5db-shard-00-00.9eiuj0z.mongodb.net:27017], passives=[], arbiters=[], primary='ac-u8ba5db-shard-00-02.9eiuj0z.mongodb.net:27017', tagSet=TagSet{[Tag{name='availabilityZone', value='euw1-az3'}, Tag{name='diskState', value='READY'}, Tag{name='nodeType', value='ELECTABLE'}, Tag{name='provider', value='AWS'}, Tag{name='region', value='EU_WEST_1'}, Tag{name='workloadType', value='OPERATIONAL'}]}, electionId=7fffffff0000000000000125, setVersion=54, topologyVersion=TopologyVersion{processId=6796653a42bd26e61b798f8a, counter=6}, lastWriteDate=Thu Jan 30 12:16:17 GMT 2025, lastUpdateTimeNanos=179175118199100}
2025-01-30T12:16:18.149Z  INFO 26988 --- [app] [ngodb.net:27017] org.mongodb.driver.cluster               : Discovered replica set primary ac-u8ba5db-shard-00-02.9eiuj0z.mongodb.net:27017 with max election id 7fffffff0000000000000125 and max set version 54
2025-01-30T12:16:18.151Z  INFO 26988 --- [app] [ngodb.net:27017] org.mongodb.driver.cluster               : Monitor thread successfully connected to server with description ServerDescription{address=ac-u8ba5db-shard-00-01.9eiuj0z.mongodb.net:27017, type=REPLICA_SET_SECONDARY, cryptd=false, state=CONNECTED, ok=true, minWireVersion=0, maxWireVersion=25, maxDocumentSize=16777216, logicalSessionTimeoutMinutes=30, roundTripTimeNanos=41910600, minRoundTripTimeNanos=0, setName='atlas-zxcclj-shard-0', canonicalAddress=ac-u8ba5db-shard-00-01.9eiuj0z.mongodb.net:27017, hosts=[ac-u8ba5db-shard-00-01.9eiuj0z.mongodb.net:27017, ac-u8ba5db-shard-00-02.9eiuj0z.mongodb.net:27017, ac-u8ba5db-shard-00-00.9eiuj0z.mongodb.net:27017], passives=[], arbiters=[], primary='ac-u8ba5db-shard-00-02.9eiuj0z.mongodb.net:27017', tagSet=TagSet{[Tag{name='availabilityZone', value='euw1-az2'}, Tag{name='diskState', value='READY'}, Tag{name='nodeType', value='ELECTABLE'}, Tag{name='provider', value='AWS'}, Tag{name='region', value='EU_WEST_1'}, Tag{name='workloadType', value='OPERATIONAL'}]}, electionId=null, setVersion=54, topologyVersion=TopologyVersion{processId=6796671efb18fd2f2dc7c46e, counter=3}, lastWriteDate=Thu Jan 30 12:16:17 GMT 2025, lastUpdateTimeNanos=179175120846800}
2025-01-30T12:16:18.159Z  INFO 26988 --- [app] [           main] eAuthenticationProviderManagerConfigurer : Global AuthenticationManager configured with AuthenticationProvider bean with name authenticationProvider
2025-01-30T12:16:18.167Z  INFO 26988 --- [app] [           main] .i.s.PathMatchingResourcePatternResolver : Skipping search for files matching pattern [**/*.class]: directory [C:\Users\44747\SE_Training\GymGoers-Spring\Backend\target\test-classes\com\thegymgoers_java\app\model] does not exist
2025-01-30T12:16:18.396Z  INFO 26988 --- [app] [           main] o.s.b.t.m.w.SpringBootMockServletContext : Initializing Spring TestDispatcherServlet ''
2025-01-30T12:16:18.396Z  INFO 26988 --- [app] [           main] o.s.t.web.servlet.TestDispatcherServlet  : Initializing Servlet ''
2025-01-30T12:16:18.397Z  INFO 26988 --- [app] [           main] o.s.t.web.servlet.TestDispatcherServlet  : Completed initialization in 1 ms
2025-01-30T12:16:18.409Z  INFO 26988 --- [app] [           main] c.t.app.controller.AuthControllerTests   : Started AuthControllerTests in 1.817 seconds (process running for 7.004)
2025-01-30T12:16:18.431Z  INFO 26988 --- [app] [           main] o.s.mock.web.MockServletContext          : Initializing Spring TestDispatcherServlet ''
2025-01-30T12:16:18.431Z  INFO 26988 --- [app] [           main] o.s.t.web.servlet.TestDispatcherServlet  : Initializing Servlet ''
2025-01-30T12:16:18.432Z  INFO 26988 --- [app] [           main] o.s.t.web.servlet.TestDispatcherServlet  : Completed initialization in 1 ms

MockHttpServletRequest:
      HTTP Method = POST
      Request URI = /api/auth/signin
       Parameters = {}
          Headers = [Content-Type:"application/json", Content-Length:"48"]
             Body = <no character encoding set>
    Session Attrs = {}

Handler:
             Type = com.thegymgoers_java.app.controller.AuthController
           Method = com.thegymgoers_java.app.controller.AuthController#authenticateUser(LoginRequest)

Async:
    Async started = false
     Async result = null

Resolved Exception:
             Type = null

ModelAndView:
        View name = null
             View = null
            Model = null

FlashMap:
       Attributes = null

MockHttpServletResponse:
           Status = 401
    Error message = null
          Headers = [Vary:"Origin", "Access-Control-Request-Method", "Access-Control-Request-Headers", Content-Type:"text/plain;charset=ISO-8859-1", Content-Length:"19"]
     Content type = text/plain;charset=ISO-8859-1
             Body = Error: Unauthorized
    Forwarded URL = null
   Redirected URL = null
          Cookies = []
]]></system-out>
  </testcase>
  <testcase name="shouldReturn400IfUsernameIsEmpty" classname="com.thegymgoers_java.app.controller.AuthControllerTests$LoginTests" time="0.033">
    <system-out><![CDATA[2025-01-30T12:16:18.680Z  INFO 26988 --- [app] [           main] o.s.mock.web.MockServletContext          : Initializing Spring TestDispatcherServlet ''
2025-01-30T12:16:18.680Z  INFO 26988 --- [app] [           main] o.s.t.web.servlet.TestDispatcherServlet  : Initializing Servlet ''
2025-01-30T12:16:18.681Z  INFO 26988 --- [app] [           main] o.s.t.web.servlet.TestDispatcherServlet  : Completed initialization in 0 ms
2025-01-30T12:16:18.700Z  WARN 26988 --- [app] [           main] .w.s.m.s.DefaultHandlerExceptionResolver : Resolved [org.springframework.web.bind.MethodArgumentNotValidException: Validation failed for argument [0] in public org.springframework.http.ResponseEntity<?> com.thegymgoers_java.app.controller.AuthController.authenticateUser(com.thegymgoers_java.app.payload.request.LoginRequest): [Field error in object 'loginRequest' on field 'username': rejected value [null]; codes [NotEmpty.loginRequest.username,NotEmpty.username,NotEmpty.java.lang.String,NotEmpty]; arguments [org.springframework.context.support.DefaultMessageSourceResolvable: codes [loginRequest.username,username]; arguments []; default message [username]]; default message [must not be empty]] ]

MockHttpServletRequest:
      HTTP Method = POST
      Request URI = /api/auth/signin
       Parameters = {}
          Headers = [Content-Type:"application/json", Content-Length:"35"]
             Body = <no character encoding set>
    Session Attrs = {}

Handler:
             Type = com.thegymgoers_java.app.controller.AuthController
           Method = com.thegymgoers_java.app.controller.AuthController#authenticateUser(LoginRequest)

Async:
    Async started = false
     Async result = null

Resolved Exception:
             Type = org.springframework.web.bind.MethodArgumentNotValidException

ModelAndView:
        View name = null
             View = null
            Model = null

FlashMap:
       Attributes = null

MockHttpServletResponse:
           Status = 400
    Error message = Invalid request content.
          Headers = [Vary:"Origin", "Access-Control-Request-Method", "Access-Control-Request-Headers"]
     Content type = null
             Body = 
    Forwarded URL = null
   Redirected URL = null
          Cookies = []
]]></system-out>
  </testcase>
  <testcase name="shouldReturn200IfUsernamePasswordMatch" classname="com.thegymgoers_java.app.controller.AuthControllerTests$LoginTests" time="0.078">
    <system-out><![CDATA[2025-01-30T12:16:18.729Z  INFO 26988 --- [app] [           main] o.s.mock.web.MockServletContext          : Initializing Spring TestDispatcherServlet ''
2025-01-30T12:16:18.729Z  INFO 26988 --- [app] [           main] o.s.t.web.servlet.TestDispatcherServlet  : Initializing Servlet ''
2025-01-30T12:16:18.729Z  INFO 26988 --- [app] [           main] o.s.t.web.servlet.TestDispatcherServlet  : Completed initialization in 0 ms

MockHttpServletRequest:
      HTTP Method = POST
      Request URI = /api/auth/signin
       Parameters = {}
          Headers = [Content-Type:"application/json", Content-Length:"55"]
             Body = <no character encoding set>
    Session Attrs = {}

Handler:
             Type = com.thegymgoers_java.app.controller.AuthController
           Method = com.thegymgoers_java.app.controller.AuthController#authenticateUser(LoginRequest)

Async:
    Async started = false
     Async result = null

Resolved Exception:
             Type = null

ModelAndView:
        View name = null
             View = null
            Model = null

FlashMap:
       Attributes = null

MockHttpServletResponse:
           Status = 200
    Error message = null
          Headers = [Vary:"Origin", "Access-Control-Request-Method", "Access-Control-Request-Headers", Content-Type:"application/json"]
     Content type = application/json
             Body = {"accessToken":"valid-jwt-token","id":null,"username":null,"emailAddress":null,"roles":[],"tokenType":"Bearer"}
    Forwarded URL = null
   Redirected URL = null
          Cookies = []
]]></system-out>
  </testcase>
  <testcase name="checkWhenPasswordDontMatch" classname="com.thegymgoers_java.app.controller.AuthControllerTests$LoginTests" time="0.018">
    <system-out><![CDATA[2025-01-30T12:16:18.792Z  INFO 26988 --- [app] [           main] o.s.mock.web.MockServletContext          : Initializing Spring TestDispatcherServlet ''
2025-01-30T12:16:18.792Z  INFO 26988 --- [app] [           main] o.s.t.web.servlet.TestDispatcherServlet  : Initializing Servlet ''
2025-01-30T12:16:18.792Z  INFO 26988 --- [app] [           main] o.s.t.web.servlet.TestDispatcherServlet  : Completed initialization in 0 ms

MockHttpServletRequest:
      HTTP Method = POST
      Request URI = /api/auth/signin
       Parameters = {}
          Headers = [Content-Type:"application/json", Content-Length:"41"]
             Body = <no character encoding set>
    Session Attrs = {}

Handler:
             Type = com.thegymgoers_java.app.controller.AuthController
           Method = com.thegymgoers_java.app.controller.AuthController#authenticateUser(LoginRequest)

Async:
    Async started = false
     Async result = null

Resolved Exception:
             Type = null

ModelAndView:
        View name = null
             View = null
            Model = null

FlashMap:
       Attributes = null

MockHttpServletResponse:
           Status = 401
    Error message = null
          Headers = [Vary:"Origin", "Access-Control-Request-Method", "Access-Control-Request-Headers", Content-Type:"text/plain;charset=ISO-8859-1", Content-Length:"25"]
     Content type = text/plain;charset=ISO-8859-1
             Body = Error: Incorrect password
    Forwarded URL = null
   Redirected URL = null
          Cookies = []
]]></system-out>
  </testcase>
</testsuite>